<?xml version="1.0" encoding="UTF-8"?>
<!-- Generated by org.testng.reporters.JUnitXMLReporter -->
<testsuite ignored="0" hostname="QA-Saurabh" failures="0" tests="6" name="Default test" time="5.411" errors="0" timestamp="2024-07-14T22:40:51 IST">
  <testcase classname="mainClass.MainClass" name="todo" time="2.315"/>
  <testcase classname="mainClass.MainClass" name="post" time="0.292"/>
  <testcase classname="mainClass.MainClass" name="comment" time="1.116"/>
  <testcase classname="mainClass.MainClass" name="Album" time="0.286"/>
  <testcase classname="mainClass.MainClass" name="photos" time="0.88"/>
  <testcase classname="mainClass.MainClass" name="user" time="0.2"/>
</testsuite> <!-- Default test -->
