<?xml version="1.0" encoding="UTF-8"?>
<testng-results ignored="0" total="6" passed="6" failed="0" skipped="0">
  <reporter-output>
  </reporter-output>
  <suite started-at="2024-07-14T22:40:46 IST" name="Default suite" finished-at="2024-07-14T22:40:51 IST" duration-ms="5411">
    <groups>
    </groups>
    <test started-at="2024-07-14T22:40:46 IST" name="Default test" finished-at="2024-07-14T22:40:51 IST" duration-ms="5411">
      <class name="mainClass.MainClass">
        <test-method signature="todo()[pri:1, instance:mainClass.MainClass@35432107]" started-at="2024-07-14T22:40:46 IST" name="todo" finished-at="2024-07-14T22:40:48 IST" duration-ms="2315" status="PASS">
          <reporter-output>
          </reporter-output>
        </test-method> <!-- todo -->
        <test-method signature="post()[pri:2, instance:mainClass.MainClass@35432107]" started-at="2024-07-14T22:40:49 IST" name="post" finished-at="2024-07-14T22:40:49 IST" duration-ms="292" status="PASS">
          <reporter-output>
          </reporter-output>
        </test-method> <!-- post -->
        <test-method signature="comment()[pri:3, instance:mainClass.MainClass@35432107]" started-at="2024-07-14T22:40:49 IST" name="comment" finished-at="2024-07-14T22:40:50 IST" duration-ms="1116" status="PASS">
          <reporter-output>
          </reporter-output>
        </test-method> <!-- comment -->
        <test-method signature="Album()[pri:4, instance:mainClass.MainClass@35432107]" started-at="2024-07-14T22:40:50 IST" name="Album" finished-at="2024-07-14T22:40:50 IST" duration-ms="286" status="PASS">
          <reporter-output>
          </reporter-output>
        </test-method> <!-- Album -->
        <test-method signature="photos()[pri:5, instance:mainClass.MainClass@35432107]" started-at="2024-07-14T22:40:50 IST" name="photos" finished-at="2024-07-14T22:40:51 IST" duration-ms="880" status="PASS">
          <reporter-output>
          </reporter-output>
        </test-method> <!-- photos -->
        <test-method signature="user()[pri:6, instance:mainClass.MainClass@35432107]" started-at="2024-07-14T22:40:51 IST" name="user" finished-at="2024-07-14T22:40:51 IST" duration-ms="200" status="PASS">
          <reporter-output>
          </reporter-output>
        </test-method> <!-- user -->
      </class> <!-- mainClass.MainClass -->
    </test> <!-- Default test -->
  </suite> <!-- Default suite -->
</testng-results>
